mode: set
reporter-command-center-backend/cmd/server/main.go:21.13,34.61 11 0
reporter-command-center-backend/cmd/server/main.go:34.61,37.6 2 0
reporter-command-center-backend/cmd/server/main.go:38.5,38.68 1 0
reporter-command-center-backend/cmd/server/main.go:38.68,41.6 2 0
reporter-command-center-backend/cmd/server/main.go:44.5,70.15 14 0
reporter-command-center-backend/cmd/server/main.go:70.15,72.87 2 0
reporter-command-center-backend/cmd/server/main.go:72.87,74.10 1 0
reporter-command-center-backend/cmd/server/main.go:78.5,84.49 7 0
reporter-command-center-backend/cmd/server/main.go:84.49,86.6 1 0
reporter-command-center-backend/cmd/server/main.go:87.5,87.33 1 0
reporter-command-center-backend/internal/config/config.go:13.23,19.2 1 0
reporter-command-center-backend/internal/config/config.go:21.37,22.37 1 0
reporter-command-center-backend/internal/config/config.go:22.37,24.6 1 0
reporter-command-center-backend/internal/config/config.go:25.5,25.15 1 0
reporter-command-center-backend/internal/auth/jwt.go:15.40,17.2 1 0
reporter-command-center-backend/internal/auth/jwt.go:19.48,21.34 1 0
reporter-command-center-backend/internal/auth/jwt.go:21.34,23.6 1 0
reporter-command-center-backend/internal/auth/jwt.go:24.5,24.48 1 0
reporter-command-center-backend/internal/auth/jwt.go:27.83,42.2 13 0
reporter-command-center-backend/internal/auth/jwt.go:44.58,47.24 3 0
reporter-command-center-backend/internal/auth/jwt.go:47.24,49.6 1 0
reporter-command-center-backend/internal/auth/jwt.go:50.5,53.56 4 0
reporter-command-center-backend/internal/auth/jwt.go:53.56,55.6 1 0
reporter-command-center-backend/internal/auth/jwt.go:56.5,57.19 2 0
reporter-command-center-backend/internal/auth/jwt.go:57.19,59.6 1 0
reporter-command-center-backend/internal/auth/jwt.go:60.5,61.55 2 0
reporter-command-center-backend/internal/auth/jwt.go:61.55,63.6 1 0
reporter-command-center-backend/internal/auth/jwt.go:64.5,64.34 1 0
reporter-command-center-backend/internal/auth/jwt.go:64.34,66.6 1 0
reporter-command-center-backend/internal/auth/jwt.go:67.5,67.18 1 0
reporter-command-center-backend/internal/http/handlers.go:25.61,27.2 1 0
reporter-command-center-backend/internal/http/handlers.go:29.58,33.2 3 0
reporter-command-center-backend/internal/http/handlers.go:44.64,46.64 2 0
reporter-command-center-backend/internal/http/handlers.go:46.64,49.6 2 0
reporter-command-center-backend/internal/http/handlers.go:50.5,50.66 1 0
reporter-command-center-backend/internal/http/handlers.go:50.66,53.6 2 0
reporter-command-center-backend/internal/http/handlers.go:54.5,54.27 1 0
reporter-command-center-backend/internal/http/handlers.go:54.27,57.6 2 0
reporter-command-center-backend/internal/http/handlers.go:58.5,58.23 1 0
reporter-command-center-backend/internal/http/handlers.go:58.23,60.6 1 0
reporter-command-center-backend/internal/http/handlers.go:61.5,67.74 2 0
reporter-command-center-backend/internal/http/handlers.go:70.66,72.12 2 0
reporter-command-center-backend/internal/http/handlers.go:72.12,75.6 2 0
reporter-command-center-backend/internal/http/handlers.go:76.5,76.40 1 0
reporter-command-center-backend/internal/http/handlers.go:80.71,82.54 2 0
reporter-command-center-backend/internal/http/handlers.go:82.54,85.6 2 0
reporter-command-center-backend/internal/http/handlers.go:86.5,86.77 1 0
reporter-command-center-backend/internal/http/handlers.go:89.71,92.65 3 0
reporter-command-center-backend/internal/http/handlers.go:92.65,95.6 2 0
reporter-command-center-backend/internal/http/handlers.go:96.5,98.38 3 0
reporter-command-center-backend/internal/http/handlers.go:108.72,110.64 2 0
reporter-command-center-backend/internal/http/handlers.go:110.64,113.6 2 0
reporter-command-center-backend/internal/http/handlers.go:114.5,115.64 2 0
reporter-command-center-backend/internal/http/handlers.go:118.68,121.64 3 0
reporter-command-center-backend/internal/http/handlers.go:121.64,124.6 2 0
reporter-command-center-backend/internal/http/handlers.go:125.5,132.70 2 0
reporter-command-center-backend/internal/http/handlers.go:140.68,143.64 3 0
reporter-command-center-backend/internal/http/handlers.go:143.64,146.6 2 0
reporter-command-center-backend/internal/http/handlers.go:148.5,149.69 2 0
reporter-command-center-backend/internal/http/handlers.go:153.71,158.21 4 0
reporter-command-center-backend/internal/http/handlers.go:158.21,161.6 2 0
reporter-command-center-backend/internal/http/handlers.go:162.5,163.12 2 0
reporter-command-center-backend/internal/http/handlers.go:163.12,166.6 2 0
reporter-command-center-backend/internal/http/handlers.go:168.5,173.85 5 0
reporter-command-center-backend/internal/http/handlers.go:173.85,176.6 2 0
reporter-command-center-backend/internal/http/handlers.go:177.5,177.51 1 0
reporter-command-center-backend/internal/http/handlers.go:177.51,180.6 2 0
reporter-command-center-backend/internal/http/handlers.go:181.5,181.22 1 0
reporter-command-center-backend/internal/http/handlers.go:181.22,183.6 1 0
reporter-command-center-backend/internal/http/handlers.go:185.5,186.53 2 0
reporter-command-center-backend/internal/http/handlers.go:186.53,189.6 2 0
reporter-command-center-backend/internal/http/handlers.go:190.5,191.73 2 0
reporter-command-center-backend/internal/http/handlers.go:194.72,198.2 3 0
reporter-command-center-backend/internal/http/handlers.go:206.65,209.64 3 0
reporter-command-center-backend/internal/http/handlers.go:209.64,212.6 2 0
reporter-command-center-backend/internal/http/handlers.go:213.5,214.70 2 0
reporter-command-center-backend/internal/http/handlers.go:224.36,226.22 2 0
reporter-command-center-backend/internal/http/handlers.go:226.22,228.6 1 0
reporter-command-center-backend/internal/http/handlers.go:229.5,229.27 1 0
reporter-command-center-backend/internal/http/handlers.go:232.70,234.52 2 0
reporter-command-center-backend/internal/http/handlers.go:234.52,237.6 2 0
reporter-command-center-backend/internal/http/handlers.go:238.5,239.64 2 0
reporter-command-center-backend/internal/http/handlers.go:239.64,242.6 2 0
reporter-command-center-backend/internal/http/handlers.go:243.5,243.82 1 0
reporter-command-center-backend/internal/http/middleware.go:17.66,18.49 1 0
reporter-command-center-backend/internal/http/middleware.go:18.49,19.78 1 0
reporter-command-center-backend/internal/http/middleware.go:19.78,21.140 1 0
reporter-command-center-backend/internal/http/middleware.go:21.140,24.14 2 0
reporter-command-center-backend/internal/http/middleware.go:25.13,26.68 2 0
reporter-command-center-backend/internal/http/middleware.go:26.68,29.14 2 0
reporter-command-center-backend/internal/http/middleware.go:30.13,32.27 3 0
reporter-command-center-backend/internal/http/middleware.go:32.27,35.14 2 0
reporter-command-center-backend/internal/http/middleware.go:36.13,37.50 2 0
reporter-command-center-backend/internal/http/middleware.go:42.55,44.17 2 0
reporter-command-center-backend/internal/http/middleware.go:44.17,46.6 1 0
reporter-command-center-backend/internal/http/middleware.go:47.5,48.17 2 0
reporter-command-center-backend/internal/http/middleware.go:53.66,55.28 2 0
reporter-command-center-backend/internal/http/middleware.go:55.28,57.6 1 0
reporter-command-center-backend/internal/http/middleware.go:58.5,58.49 1 0
reporter-command-center-backend/internal/http/middleware.go:58.49,59.78 1 0
reporter-command-center-backend/internal/http/middleware.go:59.78,62.46 3 0
reporter-command-center-backend/internal/http/middleware.go:62.46,64.14 1 0
reporter-command-center-backend/internal/http/middleware.go:64.19,65.43 1 0
reporter-command-center-backend/internal/http/middleware.go:65.43,66.36 1 0
reporter-command-center-backend/internal/http/middleware.go:66.36,68.30 2 0
reporter-command-center-backend/internal/http/middleware.go:72.13,72.34 1 0
reporter-command-center-backend/internal/http/middleware.go:72.34,75.14 2 0
reporter-command-center-backend/internal/http/middleware.go:76.13,80.47 4 0
reporter-command-center-backend/internal/http/middleware.go:80.47,83.14 2 0
reporter-command-center-backend/internal/http/middleware.go:84.13,84.33 1 0
reporter-command-center-backend/internal/repo/inmemory.go:20.30,28.2 1 0
reporter-command-center-backend/internal/repo/inmemory.go:31.64,35.2 4 0
reporter-command-center-backend/internal/repo/inmemory.go:36.50,40.2 4 0
reporter-command-center-backend/internal/repo/inmemory.go:43.73,47.2 4 0
reporter-command-center-backend/internal/repo/inmemory.go:48.57,51.2 3 0
reporter-command-center-backend/internal/repo/inmemory.go:54.46,57.2 3 0
reporter-command-center-backend/internal/repo/inmemory.go:58.62,62.2 4 0
reporter-command-center-backend/internal/repo/inmemory.go:65.47,69.2 4 0
reporter-command-center-backend/internal/repo/inmemory.go:70.42,73.2 3 0
reporter-command-center-backend/internal/repo/inmemory.go:76.69,79.2 3 0
reporter-command-center-backend/internal/repo/inmemory.go:80.68,83.2 3 0
